#################################################################
# If you used AutoDock Vina in your work, please cite:          #
#                                                               #
# O. Trott, A. J. Olson,                                        #
# AutoDock Vina: improving the speed and accuracy of docking    #
# with a new scoring function, efficient optimization and       #
# multithreading, Journal of Computational Chemistry 31 (2010)  #
# 455-461                                                       #
#                                                               #
# DOI 10.1002/jcc.21334                                         #
#                                                               #
# Please see http://vina.scripps.edu for more information.      #
#################################################################

WARNING: The search space volume > 27000 Angstrom^3 (See FAQ)
WARNING: at low exhaustiveness, it may be impossible to utilize all CPUs
Reading input ... done.
Setting up the scoring function ... done.
Analyzing the binding site ... done.
Using random seed: -416459776
Performing search ... done.
Refining results ... done.

mode |   affinity | dist from best mode
     | (kcal/mol) | rmsd l.b.| rmsd u.b.
-----+------------+----------+----------
   1         -6.4      0.000      0.000
   2         -6.3     28.789     31.309
   3         -6.2     26.951     29.655
   4         -6.2     30.259     32.968
   5         -6.1      3.777      6.559
   6         -6.0     20.288     24.540
   7         -5.9     26.063     27.920
   8         -5.9     23.627     27.610
   9         -5.8     25.786     28.692
  10         -5.6     23.868     27.067
  11         -5.5     14.848     18.303
  12         -5.5      2.170      6.760
  13         -5.5     26.378     28.480
  14         -5.4     25.756     27.484
  15         -5.3     15.914     20.627
  16         -5.2     26.883     30.765
  17         -4.9     14.507     17.793
  18         -4.9     25.517     30.307
  19         -4.9     24.742     27.913
  20         -4.8     26.471     30.532
Writing output ... done.
